<?xml version="1.0" encoding="UTF-8"?>
<!-- Generated by org.testng.reporters.JUnitReportReporter -->
<testsuite hostname="QT-INBG-LT0336" failures="0" tests="1" name="API.GetTest" time="0.092" errors="0" timestamp="06 Mar 2023 09:30:34 GMT" skipped="0">
  <testcase classname="API.GetTest" name="Fetch1" time="0.092"/>
</testsuite> <!-- API.GetTest -->
